Log file open, 07/28/16 21:11:15
LogInit:Display: Running engine for game: ProjectBlack
LogPlatformFile: Not using cached read wrapper
LogInit:Display: RandInit(-687612244) SRandInit(-687612243).
LogTaskGraph: Started task graph with 4 named threads and 7 total threads with 1 sets of task threads.
LogStats: Stats thread started at 0.079768
LogInit: Version: 4.12.5-3039270+++UE4+Release-4.12
LogInit: API Version: 2992821
LogInit: Net Version: 3039270
LogDevObjectVersion: Number of dev versions registered: 13
LogDevObjectVersion:   Dev-Blueprints (B0D832E4-1F89-4F0D-ACCF-7EB736FD4AA2): 3
LogDevObjectVersion:   Dev-Build (E1C64328-A22C-4D53-A36C-8E866417BD8C): 0
LogDevObjectVersion:   Dev-Core (375EC13C-06E4-48FB-B500-84F0262A717E): 1
LogDevObjectVersion:   Dev-Editor (E4B068ED-F494-42E9-A231-DA0B2E46BB41): 2
LogDevObjectVersion:   Dev-Framework (CFFC743F-43B0-4480-9391-14DF171D2073): 6
LogDevObjectVersion:   Dev-Mobile (B02B49B5-BB20-44E9-A304-32B752E40360): 0
LogDevObjectVersion:   Dev-Networking (A4E4105C-59A1-49B5-A7C5-40C4547EDFEE): 0
LogDevObjectVersion:   Dev-Online (39C831C9-5AE6-47DC-9A44-9C173E1C8E7C): 0
LogDevObjectVersion:   Dev-Physics (78F01B33-EBEA-4F98-B9B4-84EACCB95AA2): 0
LogDevObjectVersion:   Dev-Platform (6631380F-2D4D-43E0-8009-CF276956A95A): 0
LogDevObjectVersion:   Dev-Rendering (12F88B9F-8875-4AFC-A67C-D90C383ABD29): 2
LogDevObjectVersion:   Dev-Sequencer (7B5AE74C-D270-4C10-A958-57980B212A5A): 0
LogDevObjectVersion:   Dev-VR (D7296918-1DD6-4BDD-9DE2-64A83CC13884): 0
LogInit: Compiled (64-bit): Jul  6 2016 09:09:46
LogInit: Compiled with Visual C++: 19.00.23026.00
LogInit: Build Configuration: Development
LogInit: Branch Name: ++UE4+Release-4.12
LogInit: Command line: -EpicPortal 
LogInit: Base directory: C:/Program Files (x86)/Epic Games/4.12/Engine/Binaries/Win64/
LogInit: Installed Engine Build: 1
LogInit: Using libcurl 7.41.0
LogInit:  - built for x86_64-pc-win32
LogInit:  - supports SSL with WinSSL
LogInit:  - other features:
LogInit:      CURL_VERSION_SSL
LogInit:      CURL_VERSION_IPV6
LogInit:      CURL_VERSION_ASYNCHDNS
LogInit:      CURL_VERSION_LARGEFILE
LogInit:      CURL_VERSION_IDN
LogInit:  CurlRequestOptions (configurable via config and command line):
LogInit:  - bVerifyPeer = true  - Libcurl will verify peer certificate
LogInit:  - bUseHttpProxy = false  - Libcurl will NOT use HTTP proxy
LogInit:  - bDontReuseConnections = false  - Libcurl will reuse connections
LogInit:  - CertBundlePath = nullptr  - Libcurl will use whatever was configured at build time.
LogInit: Presizing for max 8388607 objects, including 0 objects not considered by GC, pre-allocating 0 bytes for permanent pool.
LogInit: Object subsystem initialized
[2016.07.29-01.11.15:661][  0]LogInit: Selected Device Profile: [Windows]
[2016.07.29-01.11.15:661][  0]LogInit: Applying CVar settings loaded from the selected device profile: [Windows]
[2016.07.29-01.11.15:669][  0]LogInit: Computer: DESKTOP-GIDS9HH
[2016.07.29-01.11.15:669][  0]LogInit: User: ps2fr
[2016.07.29-01.11.15:669][  0]LogInit: CPU Page size=65536, Cores=4
[2016.07.29-01.11.15:669][  0]LogInit: High frequency timer resolution =3.410068 MHz
[2016.07.29-01.11.15:669][  0]LogMemory: Memory total: Physical=15.9GB (16GB approx)
[2016.07.29-01.11.15:669][  0]LogMemory: Platform Memory Stats for Windows
[2016.07.29-01.11.15:669][  0]LogMemory: Process Physical Memory: 190.42 MB used, 190.42 MB peak
[2016.07.29-01.11.15:669][  0]LogMemory: Process Virtual Memory: 195.16 MB used, 195.16 MB peak
[2016.07.29-01.11.15:669][  0]LogMemory: Physical Memory: 6135.34 MB used, 16321.93 MB total
[2016.07.29-01.11.15:669][  0]LogMemory: Virtual Memory: 554.51 MB used, 134217728.00 MB total
[2016.07.29-01.11.15:700][  0]LogTextLocalizationManager: No specific translations for ('en-US') exist, so ('en') translations will be used.
[2016.07.29-01.11.16:164][  0]LogD3D11RHI: D3D11 adapters:
[2016.07.29-01.11.16:192][  0]LogD3D11RHI:    0. 'NVIDIA GeForce GTX 770' (Feature Level 11_0)
[2016.07.29-01.11.16:192][  0]LogD3D11RHI:       4026/0/8160 MB DedicatedVideo/DedicatedSystem/SharedSystem, Outputs:1, VendorId:0x10de
[2016.07.29-01.11.16:194][  0]LogD3D11RHI:    1. 'Microsoft Basic Render Driver' (Feature Level 11_0)
[2016.07.29-01.11.16:194][  0]LogD3D11RHI:       0/0/8160 MB DedicatedVideo/DedicatedSystem/SharedSystem, Outputs:0, VendorId:0x1414
[2016.07.29-01.11.16:194][  0]LogD3D11RHI: Chosen D3D11 Adapter: 0
[2016.07.29-01.11.16:201][  0]LogD3D11RHI: Creating new Direct3DDevice
[2016.07.29-01.11.16:201][  0]LogD3D11RHI:     GPU DeviceId: 0x1184 (for the marketing name, search the web for "GPU Device Id")
[2016.07.29-01.11.16:201][  0]LogWindows: EnumDisplayDevices:
[2016.07.29-01.11.16:201][  0]LogWindows:    0. 'NVIDIA GeForce GTX 770' (P:1 D:1)
[2016.07.29-01.11.16:201][  0]LogWindows:    1. 'NVIDIA GeForce GTX 770' (P:0 D:0)
[2016.07.29-01.11.16:201][  0]LogWindows:    2. 'NVIDIA GeForce GTX 770' (P:0 D:0)
[2016.07.29-01.11.16:201][  0]LogWindows:    3. 'NVIDIA GeForce GTX 770' (P:0 D:0)
[2016.07.29-01.11.16:201][  0]LogWindows: DebugString: FoundDriverCount:4 
[2016.07.29-01.11.16:201][  0]LogD3D11RHI:     Adapter Name: NVIDIA GeForce GTX 770
[2016.07.29-01.11.16:201][  0]LogD3D11RHI:   Driver Version: 358.87 (internal:10.18.13.5887, unified:358.87)
[2016.07.29-01.11.16:201][  0]LogD3D11RHI:      Driver Date: 11-2-2015
[2016.07.29-01.11.16:201][  0]LogRHI: Texture pool is 1361 MB (70% of 1945 MB)
[2016.07.29-01.11.16:213][  0]LogD3D11RHI: Async texture creation enabled
[2016.07.29-01.11.16:229][  0]LogD3D11RHI: GPU Timing Frequency: 1000.000000 (Debug: 2 2)
[2016.07.29-01.11.16:229][  0]LogShaderCompilers: Guid format shader working directory is -21 characters bigger than the processId version (../../../../../../Users/ps2fr/Documents/Project-Black/ProjectBlack/Intermediate/Shaders/WorkingDirectory/22796/).
[2016.07.29-01.11.16:230][  0]LogShaderCompilers: Cleaned the shader compiler working directory 'C:/Users/ps2fr/AppData/Local/Temp/UnrealShaderWorkingDir/59DC03B14C7EBD04DCD06180D7962094/'.
[2016.07.29-01.11.16:230][  0]LogShaderCompilers:Display: Using Local Shader Compiler.
[2016.07.29-01.11.17:140][  0]LogTemp:Display: Loaded TP AllDesktopTargetPlatform
[2016.07.29-01.11.17:150][  0]LogTemp:Display: Loaded TP WindowsClientTargetPlatform
[2016.07.29-01.11.17:160][  0]LogTemp:Display: Loaded TP WindowsNoEditorTargetPlatform
[2016.07.29-01.11.17:170][  0]LogTemp:Display: Loaded TP WindowsServerTargetPlatform
[2016.07.29-01.11.17:179][  0]LogTemp:Display: Loaded TP WindowsTargetPlatform
[2016.07.29-01.11.17:187][  0]LogTemp:Display: Loaded TP AndroidTargetPlatform
[2016.07.29-01.11.17:196][  0]LogTemp:Display: Loaded TP Android_ASTCTargetPlatform
[2016.07.29-01.11.17:203][  0]LogTemp:Display: Loaded TP Android_ATCTargetPlatform
[2016.07.29-01.11.17:211][  0]LogTemp:Display: Loaded TP Android_DXTTargetPlatform
[2016.07.29-01.11.17:218][  0]LogTemp:Display: Loaded TP Android_ETC1TargetPlatform
[2016.07.29-01.11.17:227][  0]LogTemp:Display: Loaded TP Android_ETC2TargetPlatform
[2016.07.29-01.11.17:242][  0]LogTemp:Display: Loaded TP Android_MultiTargetPlatform
[2016.07.29-01.11.17:242][  0]LogTemp:Display: Loaded TP Android_PVRTCTargetPlatform
[2016.07.29-01.11.17:243][  0]LogTemp:Display: Loaded TP HTML5TargetPlatform
[2016.07.29-01.11.17:266][  0]LogTemp:Display: Loaded TP IOSTargetPlatform
[2016.07.29-01.11.17:273][  0]LogTemp:Display: Loaded TP TVOSTargetPlatform
[2016.07.29-01.11.17:280][  0]LogTemp:Display: Loaded TP LinuxNoEditorTargetPlatform
[2016.07.29-01.11.17:288][  0]LogTemp:Display: Loaded TP LinuxServerTargetPlatform
[2016.07.29-01.11.17:296][  0]LogTemp:Display: Loaded TP LinuxTargetPlatform
[2016.07.29-01.11.17:296][  0]LogTargetPlatformManager:Display: Building Assets For Windows
[2016.07.29-01.11.17:382][  0]LogDerivedDataCache:Display: Max Cache Size: 512 MB
[2016.07.29-01.11.17:461][  0]LogDerivedDataCache: Loaded boot cache 0.08s 48MB C:/Users/ps2fr/AppData/Local/UnrealEngine/4.12/DerivedDataCache/Boot.ddc.
[2016.07.29-01.11.17:462][  0]LogDerivedDataCache:Display: Loaded Boot cache: C:/Users/ps2fr/AppData/Local/UnrealEngine/4.12/DerivedDataCache/Boot.ddc
[2016.07.29-01.11.17:462][  0]LogDerivedDataCache: FDerivedDataBackendGraph:  Pak pak cache file ../../../../../../Users/ps2fr/Documents/Project-Black/ProjectBlack/DerivedDataCache/DDC.ddp not found, will not use a pak cache.
[2016.07.29-01.11.17:462][  0]LogDerivedDataCache: Unable to find inner node Pak for hierarchical cache Hierarchy.
[2016.07.29-01.11.17:462][  0]LogDerivedDataCache: FDerivedDataBackendGraph:  CompressedPak pak cache file ../../../../../../Users/ps2fr/Documents/Project-Black/ProjectBlack/DerivedDataCache/Compressed.ddp not found, will not use a pak cache.
[2016.07.29-01.11.17:462][  0]LogDerivedDataCache: Unable to find inner node CompressedPak for hierarchical cache Hierarchy.
[2016.07.29-01.11.17:479][  0]LogDerivedDataCache:Display: Pak cache opened for reading ../../../Engine/DerivedDataCache/Compressed.ddp.
[2016.07.29-01.11.17:491][  0]LogDerivedDataCache: Using Local data cache path C:/Users/ps2fr/AppData/Local/UnrealEngine/Common/DerivedDataCache: Writable
[2016.07.29-01.11.17:681][  0]LogInit: Selected Device Profile: [Windows]
[2016.07.29-01.11.17:682][  0]LogContentStreaming: Texture pool size is 0.00 MB
[2016.07.29-01.11.17:834][  0]LogMeshUtilities: No automatic mesh reduction module available
[2016.07.29-01.11.17:834][  0]LogMeshUtilities: No automatic mesh merging module available
[2016.07.29-01.11.17:834][  0]LogMeshUtilities: No distributed automatic mesh merging module available
[2016.07.29-01.11.18:101][  0]LogAssetRegistry: FAssetRegistry took 0.0212 seconds to start up
[2016.07.29-01.11.18:148][  0]LogPackageLocalizationCache: Processed 3 localized package path(s) for 2 prioritized culture(s) in 0.041513 seconds
[2016.07.29-01.11.18:156][  0]LogUObjectArray: 28739 objects as part of root set at end of initial load.
[2016.07.29-01.11.18:156][  0]LogUObjectAllocator: 5855632 out of 0 bytes used by permanent object pool.
[2016.07.29-01.11.18:156][  0]LogUObjectArray: CloseDisregardForGC: 0/0 objects in disregard for GC pool
[2016.07.29-01.11.18:165][  0]LogInit: WinSock: version 1.1 (2.2), MaxSocks=32767, MaxUdp=65467
[2016.07.29-01.11.18:338][  0]LogSlate: SlateFontCache - WITH_FREETYPE: 1, WITH_HARFBUZZ: 1
[2016.07.29-01.11.18:338][  0]LogSlate: SlateFontCache - WITH_FREETYPE: 1, WITH_HARFBUZZ: 1
[2016.07.29-01.11.18:897][  0]LogUdpMessaging: Initializing bridge on interface 0.0.0.0:0 to multicast group 230.0.0.1:6666.
[2016.07.29-01.11.19:109][  0]SourceControl: Info Source control is disabled
[2016.07.29-01.11.19:150][  0]SourceControl: Info Source control is disabled
[2016.07.29-01.11.19:160][  0]SourceControl: Info Source control is disabled
[2016.07.29-01.11.19:167][  0]SourceControl: Info Source control is disabled
[2016.07.29-01.11.19:371][  0]LogEngine: Initializing Engine...
[2016.07.29-01.11.19:372][  0]LogHMD: SteamVR failed to initialize.  Err: 110
[2016.07.29-01.11.19:373][  0]LogHMD: SteamVR failed to initialize.  Err: 110
[2016.07.29-01.11.19:513][  0]LogAIModule: Creating AISystem for world NewWorld
[2016.07.29-01.11.19:521][  0]LogInit: XAudio2 using 'Speakers (High Definition Audio Device)' : 2 channels at 44.1 kHz using 16 bits per sample (channel mask 0x3)
[2016.07.29-01.11.19:530][  0]LogInit: FAudioDevice initialized.
[2016.07.29-01.11.19:570][  0]LogDerivedDataCache: Saved boot cache 0.04s 48MB C:/Users/ps2fr/AppData/Local/UnrealEngine/4.12/DerivedDataCache/Boot.ddc.
[2016.07.29-01.11.19:580][  0]LogInit: Texture streaming: Enabled
[2016.07.29-01.11.19:610][  0]LogInit: Transaction tracking system initialized
[2016.07.29-01.11.19:640][  0]BlueprintLog: New page: Editor Load
[2016.07.29-01.11.19:719][  0]LocalizationService: Info Localization service is disabled
[2016.07.29-01.11.19:788][  0]LogConsoleResponse:Display: 
[2016.07.29-01.11.19:881][  0]LogCook:Display: Max memory allowance for cook 8192mb
[2016.07.29-01.11.19:881][  0]LogCook:Display: Mobile HDR setting 1
[2016.07.29-01.11.19:976][  0]LogFileCache: Scanning file cache for directory 'C:/Users/ps2fr/Documents/Project-Black/ProjectBlack/Content/' took 0.01s
[2016.07.29-01.11.19:976][  0]SourceControl: Info Source control is disabled
[2016.07.29-01.11.19:976][  0]Cmd: MAP LOAD FILE="../../../../../../Users/ps2fr/Documents/Project-Black/ProjectBlack/Content/TwinStickBP/Maps/TwinStickExampleMap.umap" TEMPLATE=0 SHOWPROGRESS=1 FEATURELEVEL=3
[2016.07.29-01.11.19:978][  0]LightingResults: New page: Lighting Build
[2016.07.29-01.11.19:981][  0]MapCheck: New page: Map Check
[2016.07.29-01.11.19:981][  0]LightingResults: New page: Lighting Build
[2016.07.29-01.11.20:426][  0]LogAIModule: Creating AISystem for world TwinStickExampleMap
[2016.07.29-01.11.20:442][  0]LogEditorServer: Finished looking for orphan Actors (0.000 secs)
[2016.07.29-01.11.20:444][  0]Cmd: MAP CHECKDEP NOCLEARLOG
[2016.07.29-01.11.20:476][  0]MapCheck: Info Map check complete: 0 Error(s), 0 Warning(s), took 31.856ms to complete.
[2016.07.29-01.11.20:476][  0]LogFileHelpers: Loading map 'TwinStickExampleMap' took 0.500
[2016.07.29-01.11.20:696][  0]LogCollectionManager: Loaded 0 collections in 0.001865 seconds
[2016.07.29-01.11.20:766][  0]LogFileCache: Scanning file cache for directory 'C:/Users/ps2fr/Documents/Project-Black/ProjectBlack/Saved/Collections/' took 0.01s
[2016.07.29-01.11.20:766][  0]LogFileCache: Scanning file cache for directory 'C:/Users/ps2fr/Documents/Project-Black/ProjectBlack/Content/Developers/ps2fr/Collections/' took 0.01s
[2016.07.29-01.11.20:766][  0]LogFileCache: Scanning file cache for directory 'C:/Users/ps2fr/Documents/Project-Black/ProjectBlack/Content/Collections/' took 0.01s
[2016.07.29-01.11.20:766][  0]LogCollectionManager: Rebuilt the GUID cache for 0 collections in 0.000002 seconds
[2016.07.29-01.11.20:778][  0]LogContentBrowser: Native class hierarchy populated in 0.0103 seconds. Added 2047 classes and 369 folders.
[2016.07.29-01.11.20:790][  0]LogStats: UGameplayTagsManager::ConstructGameplayTagTree: Construct from data asset -  0.000 s
[2016.07.29-01.11.20:791][  0]LogStats: UGameplayTagsManager::ConstructGameplayTagTree: GameplayTagTreeChangedEvent.Broadcast -  0.000 s
[2016.07.29-01.11.20:791][  0]LogContentBrowser: Native class hierarchy updated for 'GameplayTags' in 0.0005 seconds. Added 12 classes and 0 folders.
[2016.07.29-01.11.20:799][  0]LogContentBrowser: Native class hierarchy updated for 'WidgetCarousel' in 0.0003 seconds. Added 0 classes and 0 folders.
[2016.07.29-01.11.20:915][  0]LogContentBrowser: Native class hierarchy updated for 'AddContentDialog' in 0.0004 seconds. Added 0 classes and 0 folders.
[2016.07.29-01.11.20:931][  0]LogContentBrowser: Native class hierarchy updated for 'SceneOutliner' in 0.0004 seconds. Added 1 classes and 2 folders.
[2016.07.29-01.11.21:028][  0]LogCrashTracker: Crashtracker disabled due to settings.
[2016.07.29-01.11.21:073][  0]LogUObjectGlobals:Warning: Failed to find object 'Class None.'
[2016.07.29-01.11.21:107][  0]LogContentBrowser: Native class hierarchy updated for 'HierarchicalLODOutliner' in 0.0010 seconds. Added 1 classes and 2 folders.
[2016.07.29-01.11.21:108][  0]LogLoad: Full Startup: 6.24 seconds (BP compile: 0.09 seconds)
[2016.07.29-01.11.21:108][  0]LogExternalProfiler: Found external profiler: VSPerf
[2016.07.29-01.11.21:108][  0]LogExternalProfiler: Using external profiler: VSPerf
[2016.07.29-01.11.21:119][  0]LogOcInput: OculusInput pre-init called
[2016.07.29-01.11.21:150][  0]LogContentStreaming: Texture pool size now 1000 MB
[2016.07.29-01.11.21:347][  0]LogRenderer: Reallocating scene render targets to support 1004x552 (Frame:2).
[2016.07.29-01.11.21:522][  2]LogAssetRegistry: Asset discovery search completed in 3.4425 seconds
[2016.07.29-01.11.21:522][  2]LogCollectionManager: Rebuilt the object cache for 0 collections in 0.000001 seconds (found 0 objects)
[2016.07.29-01.11.21:522][  2]LogCollectionManager: Fixed up redirectors for 0 collections in 0.000024 seconds (updated 0 objects)
[2016.07.29-01.11.32:032][175]LogContentBrowser: Native class hierarchy updated for 'BlueprintGraph' in 0.0007 seconds. Added 111 classes and 0 folders.
[2016.07.29-01.18.55:960][574]BlueprintLog: New page: Pre-Play auto-recompile
[2016.07.29-01.18.55:977][574]LogPlayLevel: [PlayLevel] Compiling TwinStickPawn before play...
[2016.07.29-01.18.56:086][574]LogPlayLevel: PlayLevel: Blueprint regeneration took 126 ms (1 blueprints)
[2016.07.29-01.18.56:135][574]PIE: New page: PIE session: TwinStickExampleMap (Jul 28, 2016, 4:18:56 PM)
[2016.07.29-01.18.56:135][574]LogPlayLevel: Creating play world package: /Game/TwinStickBP/Maps/UEDPIE_0_TwinStickExampleMap
[2016.07.29-01.18.56:143][574]LogPlayLevel: PIE: StaticDuplicateObject took: (0.007154s)
[2016.07.29-01.18.56:143][574]LogAIModule: Creating AISystem for world TwinStickExampleMap
[2016.07.29-01.18.56:144][574]LogPlayLevel: PIE: World Init took: (0.000849s)
[2016.07.29-01.18.56:144][574]LogPlayLevel: PIE: Created PIE world by copying editor world from /Game/TwinStickBP/Maps/TwinStickExampleMap.TwinStickExampleMap to /Game/TwinStickBP/Maps/UEDPIE_0_TwinStickExampleMap.TwinStickExampleMap (0.008291s)
[2016.07.29-01.18.56:167][574]LogInit: XAudio2 using 'Speakers (High Definition Audio Device)' : 2 channels at 44.1 kHz using 16 bits per sample (channel mask 0x3)
[2016.07.29-01.18.56:174][574]LogInit: FAudioDevice initialized.
[2016.07.29-01.18.56:238][574]LogWorld: Game class is 'TwinStickGameMode_C'
[2016.07.29-01.18.56:250][574]LogWorld: Bringing World /Game/TwinStickBP/Maps/UEDPIE_0_TwinStickExampleMap.TwinStickExampleMap up for play (max tick rate 0) at 2016.07.28-21.18.56
[2016.07.29-01.18.56:251][574]LogWorld: Bringing up level for play took: 0.003769
[2016.07.29-01.18.56:266][574]LogContentBrowser: Native class hierarchy updated for 'MovieSceneCapture' in 0.0005 seconds. Added 11 classes and 0 folders.
[2016.07.29-01.18.56:267][574]PIE: Info Play in editor start time for /Game/TwinStickBP/Maps/UEDPIE_0_TwinStickExampleMap 1.146
[2016.07.29-01.19.22:537][744]LogEditorViewport: Clicking on Actor (LMB): StaticMeshActor (Floor)
[2016.07.29-01.22.32:198][697]Cmd: OBJ SAVEPACKAGE PACKAGE="/Engine/EditorBlueprintResources/StandardMacros" FILE="../../../Engine/Content/EditorBlueprintResources/StandardMacros.uasset" SILENT=true
[2016.07.29-01.22.32:293][697]LogSavePackage: Save=82.92ms
[2016.07.29-01.22.32:293][697]LogSavePackage: Moving '../../../../../../Users/ps2fr/Documents/Project-Black/ProjectBlack/Saved/StandardMacros14DD0B3943E46D3E6C78689DFDE8244A.tmp' to '../../../Engine/Content/EditorBlueprintResources/StandardMacros.uasset'
[2016.07.29-01.22.32:297][697]LogSavePackage:Display: Finished SavePackage ../../../Engine/Content/EditorBlueprintResources/StandardMacros.uasset
[2016.07.29-01.22.36:523][ 30]BlueprintLog: New page: Compile TwinStickPawn
[2016.07.29-01.22.36:558][ 30]LogBlueprint:Error: Compiler Error This blueprint (self) is not a GameplayTaskOwnerInterface, therefore ' Task Owner ' must have a connection.
[2016.07.29-01.22.36:703][ 30]LogBlueprint:Warning: Compiler Warning [0681.84] Compile of TwinStickPawn failed. 1 Fatal Issue(s) 0 Warning(s) [in 179 ms] (/Game/TwinStickBP/Blueprints/TwinStickPawn.TwinStickPawn)
[2016.07.29-01.22.36:703][ 30]BlueprintEditorCompileResults:Error: Error This blueprint (self) is not a GameplayTaskOwnerInterface, therefore ' Task Owner ' must have a connection.
[2016.07.29-01.22.36:703][ 30]BlueprintEditorCompileResults:Warning: Warning [0681.84] Compile of TwinStickPawn failed. 1 Fatal Issue(s) 0 Warning(s) [in 179 ms] (/Game/TwinStickBP/Blueprints/TwinStickPawn.TwinStickPawn)
[2016.07.29-01.22.37:966][122]LogPlayLevel: PlayLevel: No blueprints needed recompiling
[2016.07.29-01.22.42:675][188]BlueprintLog: New page: Compile TwinStickPawn
[2016.07.29-01.22.42:709][188]LogBlueprint:Error: Compiler Error This blueprint (self) is not a GameplayTaskOwnerInterface, therefore ' Task Owner ' must have a connection.
[2016.07.29-01.22.42:854][188]LogBlueprint:Warning: Compiler Warning [0687.99] Compile of TwinStickPawn failed. 1 Fatal Issue(s) 0 Warning(s) [in 179 ms] (/Game/TwinStickBP/Blueprints/TwinStickPawn.TwinStickPawn)
[2016.07.29-01.22.42:854][188]BlueprintEditorCompileResults:Error: Error This blueprint (self) is not a GameplayTaskOwnerInterface, therefore ' Task Owner ' must have a connection.
[2016.07.29-01.22.42:854][188]BlueprintEditorCompileResults:Warning: Warning [0687.99] Compile of TwinStickPawn failed. 1 Fatal Issue(s) 0 Warning(s) [in 179 ms] (/Game/TwinStickBP/Blueprints/TwinStickPawn.TwinStickPawn)
[2016.07.29-01.23.34:813][464]LogSavePackage: Save=204.58ms
[2016.07.29-01.23.34:813][464]LogSavePackage: Moving '../../../../../../Users/ps2fr/Documents/Project-Black/ProjectBlack/Saved/TwinStickExampleMap_Auto1090FB30A401A751A233629A9D41B930D.tmp' to '../../../../../../Users/ps2fr/Documents/Project-Black/ProjectBlack/Saved/Autosaves/Game/TwinStickBP/Maps/TwinStickExampleMap_Auto1.umap'
[2016.07.29-01.23.34:816][464]LogSavePackage:Display: Finished SavePackage ../../../../../../Users/ps2fr/Documents/Project-Black/ProjectBlack/Saved/Autosaves/Game/TwinStickBP/Maps/TwinStickExampleMap_Auto1.umap
[2016.07.29-01.23.34:818][464]LogFileHelpers: Editor autosave (incl. sublevels) for '/Game/TwinStickBP/Maps/TwinStickExampleMap' took 0.247
[2016.07.29-01.23.34:818][464]LogFileHelpers: Editor autosave (incl. sublevels) for all levels took 0.247
[2016.07.29-01.23.34:821][464]OBJ SavePackage: Generating thumbnails for [0] asset(s) in package [/Engine/EditorBlueprintResources/StandardMacros] ([1] browsable assets)...
[2016.07.29-01.23.34:821][464]OBJ SavePackage: Finished generating thumbnails for package [/Engine/EditorBlueprintResources/StandardMacros]
[2016.07.29-01.23.34:903][464]LogSavePackage: Save=78.81ms
[2016.07.29-01.23.34:903][464]LogSavePackage: Moving '../../../../../../Users/ps2fr/Documents/Project-Black/ProjectBlack/Saved/StandardMacros_Auto1A1F581D542FA73BF373FF28FF4372EF9.tmp' to '../../../../../../Users/ps2fr/Documents/Project-Black/ProjectBlack/Saved/Autosaves/Engine/EditorBlueprintResources/StandardMacros_Auto1.uasset'
[2016.07.29-01.23.34:905][464]LogSavePackage:Display: Finished SavePackage ../../../../../../Users/ps2fr/Documents/Project-Black/ProjectBlack/Saved/Autosaves/Engine/EditorBlueprintResources/StandardMacros_Auto1.uasset
[2016.07.29-01.23.34:907][464]OBJ SavePackage: Generating thumbnails for [1] asset(s) in package [/Game/TwinStickBP/Blueprints/TwinStickPawn] ([1] browsable assets)...
[2016.07.29-01.23.34:955][464]OBJ SavePackage:     Rendered thumbnail for [Blueprint /Game/TwinStickBP/Blueprints/TwinStickPawn.TwinStickPawn]
[2016.07.29-01.23.34:955][464]OBJ SavePackage: Finished generating thumbnails for package [/Game/TwinStickBP/Blueprints/TwinStickPawn]
[2016.07.29-01.23.35:034][464]LogSavePackage: Save=73.86ms
[2016.07.29-01.23.35:034][464]LogSavePackage: Moving '../../../../../../Users/ps2fr/Documents/Project-Black/ProjectBlack/Saved/TwinStickPawn_Auto1F49A24C34FB9B8B6B22031A7D1A142AF.tmp' to '../../../../../../Users/ps2fr/Documents/Project-Black/ProjectBlack/Saved/Autosaves/Game/TwinStickBP/Blueprints/TwinStickPawn_Auto1.uasset'
[2016.07.29-01.23.35:037][464]LogSavePackage:Display: Finished SavePackage ../../../../../../Users/ps2fr/Documents/Project-Black/ProjectBlack/Saved/Autosaves/Game/TwinStickBP/Blueprints/TwinStickPawn_Auto1.uasset
[2016.07.29-01.23.35:037][464]LogFileHelpers: Auto-saving content packages took 0.218
[2016.07.29-01.27.16:289][196]LogSavePackage: Save=154.52ms
[2016.07.29-01.27.16:289][196]LogSavePackage: Moving '../../../../../../Users/ps2fr/Documents/Project-Black/ProjectBlack/Saved/TwinStickExampleMap4CC8DD50462944C1FDAE2283E88AFCD1.tmp' to '../../../../../../Users/ps2fr/Documents/Project-Black/ProjectBlack/Content/TwinStickBP/Maps/TwinStickExampleMap.umap'
[2016.07.29-01.27.16:296][196]LogSavePackage:Display: Finished SavePackage ../../../../../../Users/ps2fr/Documents/Project-Black/ProjectBlack/Content/TwinStickBP/Maps/TwinStickExampleMap.umap
[2016.07.29-01.27.16:361][196]LogFileHelpers: Saving map 'TwinStickExampleMap' took 0.296
[2016.07.29-01.27.16:367][196]Cmd: OBJ SAVEPACKAGE PACKAGE="/Engine/EditorBlueprintResources/StandardMacros" FILE="../../../Engine/Content/EditorBlueprintResources/StandardMacros.uasset" SILENT=true
[2016.07.29-01.27.16:447][196]LogSavePackage: Save=76.33ms
[2016.07.29-01.27.16:447][196]LogSavePackage: Moving '../../../../../../Users/ps2fr/Documents/Project-Black/ProjectBlack/Saved/StandardMacros6F0658BA4466D0798610F9A4EF4C53F1.tmp' to '../../../Engine/Content/EditorBlueprintResources/StandardMacros.uasset'
[2016.07.29-01.27.16:450][196]LogSavePackage:Display: Finished SavePackage ../../../Engine/Content/EditorBlueprintResources/StandardMacros.uasset
[2016.07.29-01.27.16:541][196]LogSavePackage: Save=68.32ms
[2016.07.29-01.27.16:541][196]LogSavePackage: Moving '../../../../../../Users/ps2fr/Documents/Project-Black/ProjectBlack/Saved/TwinStickPawn50638AD8481CAB21D79C2B8F458557EA.tmp' to '../../../../../../Users/ps2fr/Documents/Project-Black/ProjectBlack/Content/TwinStickBP/Blueprints/TwinStickPawn.uasset'
[2016.07.29-01.27.16:544][196]LogSavePackage:Display: Finished SavePackage ../../../../../../Users/ps2fr/Documents/Project-Black/ProjectBlack/Content/TwinStickBP/Blueprints/TwinStickPawn.uasset
[2016.07.29-01.27.17:658][287]BlueprintLog: New page: Compile TwinStickPawn
[2016.07.29-01.27.17:779][287]BlueprintEditorCompileResults: Info [0962.92] Compile of TwinStickPawn successful! [in 121 ms] (/Game/TwinStickBP/Blueprints/TwinStickPawn.TwinStickPawn)
[2016.07.29-01.27.24:062][745]LogRenderer: Reallocating scene render targets to support 1076x568 (Frame:17113).
[2016.07.29-01.32.07:356][976]LogActorComponent: UnregisterComponent: (/Engine/Transient.EditorFloorComp) Not registered. Aborting.
[2016.07.29-01.32.10:238][273]LogSavePackage: Save=156.55ms
[2016.07.29-01.32.10:238][273]LogSavePackage: Moving '../../../../../../Users/ps2fr/Documents/Project-Black/ProjectBlack/Saved/TwinStickExampleMap080ED5E1417E9410E37A0D80C8CEA36B.tmp' to '../../../../../../Users/ps2fr/Documents/Project-Black/ProjectBlack/Content/TwinStickBP/Maps/TwinStickExampleMap.umap'
[2016.07.29-01.32.10:242][273]LogSavePackage:Display: Finished SavePackage ../../../../../../Users/ps2fr/Documents/Project-Black/ProjectBlack/Content/TwinStickBP/Maps/TwinStickExampleMap.umap
[2016.07.29-01.32.10:258][273]LogFileHelpers: Saving map 'TwinStickExampleMap' took 0.241
[2016.07.29-01.32.10:352][273]LogSavePackage: Save=70.57ms
[2016.07.29-01.32.10:352][273]LogSavePackage: Moving '../../../../../../Users/ps2fr/Documents/Project-Black/ProjectBlack/Saved/TwinStickPawn9D9ACE3246888446B980F683AA75BAF5.tmp' to '../../../../../../Users/ps2fr/Documents/Project-Black/ProjectBlack/Content/TwinStickBP/Blueprints/TwinStickPawn.uasset'
[2016.07.29-01.32.10:357][273]LogSavePackage:Display: Finished SavePackage ../../../../../../Users/ps2fr/Documents/Project-Black/ProjectBlack/Content/TwinStickBP/Blueprints/TwinStickPawn.uasset
[2016.07.29-01.32.10:839][323]LogWindowsTextInputMethodSystem:Display: IME system now deactivated.
[2016.07.29-01.32.10:995][324]Cmd: QUIT_EDITOR
[2016.07.29-01.32.11:870][324]LogExit: Preparing to exit.
[2016.07.29-01.32.12:408][324]LogExit: Editor shut down
[2016.07.29-01.32.12:408][324]LogExit: Transaction tracking system shut down
[2016.07.29-01.32.12:558][324]LogObj: Freed 0b from 0 cluster array pools.
[2016.07.29-01.32.12:558][324]LogExit: Object subsystem successfully closed.
[2016.07.29-01.32.12:580][324]LogD3D11RHI: Shutdown
[2016.07.29-01.32.12:580][324]LogD3D11RHI: CleanupD3DDevice
[2016.07.29-01.32.12:625][324]LogD3D11RHI: ~FD3D11DynamicRHI
[2016.07.29-01.32.12:636][324]LogModuleManager: Shutting down and abandoning module MovieSceneCapture (215)
[2016.07.29-01.32.12:636][324]LogModuleManager: Shutting down and abandoning module BlueprintGraph (214)
[2016.07.29-01.32.12:637][324]LogModuleManager: Shutting down and abandoning module HierarchicalLODOutliner (213)
[2016.07.29-01.32.12:637][324]LogModuleManager: Shutting down and abandoning module CrashTracker (212)
[2016.07.29-01.32.12:637][324]LogModuleManager: Shutting down and abandoning module SceneOutliner (211)
[2016.07.29-01.32.12:637][324]LogModuleManager: Shutting down and abandoning module WidgetCarousel (210)
[2016.07.29-01.32.12:637][324]LogModuleManager: Shutting down and abandoning module AddContentDialog (209)
[2016.07.29-01.32.12:640][324]LogModuleManager: Shutting down and abandoning module GameplayTags (208)
[2016.07.29-01.32.12:640][324]LogModuleManager: Shutting down and abandoning module EditorWidgets (207)
[2016.07.29-01.32.12:640][324]LogModuleManager: Shutting down and abandoning module CollectionManager (206)
[2016.07.29-01.32.12:640][324]LogModuleManager: Shutting down and abandoning module StatsViewer (205)
[2016.07.29-01.32.12:640][324]LogModuleManager: Shutting down and abandoning module FoliageEdit (204)
[2016.07.29-01.32.12:640][324]LogModuleManager: Shutting down and abandoning module LandscapeEditor (203)
[2016.07.29-01.32.12:640][324]LogModuleManager: Shutting down and abandoning module SceneDepthPickerMode (202)
[2016.07.29-01.32.12:640][324]LogModuleManager: Shutting down and abandoning module ActorPickerMode (201)
[2016.07.29-01.32.12:640][324]LogModuleManager: Shutting down and abandoning module GeometryMode (200)
[2016.07.29-01.32.12:640][324]LogModuleManager: Shutting down and abandoning module TextureAlignMode (199)
[2016.07.29-01.32.12:640][324]LogModuleManager: Shutting down and abandoning module BspMode (198)
[2016.07.29-01.32.12:640][324]LogModuleManager: Shutting down and abandoning module HardwareSurvey (197)
[2016.07.29-01.32.12:640][324]LogModuleManager: Shutting down and abandoning module SequenceRecorderSections (196)
[2016.07.29-01.32.12:640][324]LogModuleManager: Shutting down and abandoning module SequenceRecorder (195)
[2016.07.29-01.32.12:640][324]LogModuleManager: Shutting down and abandoning module AutomationWorker (194)
[2016.07.29-01.32.12:640][324]LogModuleManager: Shutting down and abandoning module MatineeToLevelSequence (193)
[2016.07.29-01.32.12:640][324]LogModuleManager: Shutting down and abandoning module PlacementMode (192)
[2016.07.29-01.32.12:641][324]LogModuleManager: Shutting down and abandoning module LevelSequenceEditor (191)
[2016.07.29-01.32.12:641][324]LogModuleManager: Shutting down and abandoning module CharacterAI (190)
[2016.07.29-01.32.12:641][324]LogModuleManager: Shutting down and abandoning module SmartSnapping (189)
[2016.07.29-01.32.12:641][324]LogModuleManager: Shutting down and abandoning module SessionServices (188)
[2016.07.29-01.32.12:641][324]LogModuleManager: Shutting down and abandoning module ViewportSnapping (187)
[2016.07.29-01.32.12:641][324]LogModuleManager: Shutting down and abandoning module LogVisualizer (186)
[2016.07.29-01.32.12:641][324]LogModuleManager: Shutting down and abandoning module GameProjectGeneration (185)
[2016.07.29-01.32.12:641][324]LogModuleManager: Shutting down and abandoning module IntroTutorials (184)
[2016.07.29-01.32.12:641][324]LogModuleManager: Shutting down and abandoning module EditorLiveStreaming (183)
[2016.07.29-01.32.12:641][324]LogModuleManager: Shutting down and abandoning module IOSPlatformEditor (182)
[2016.07.29-01.32.12:641][324]LogModuleManager: Shutting down and abandoning module HTML5PlatformEditor (181)
[2016.07.29-01.32.12:641][324]LogModuleManager: Shutting down and abandoning module AndroidDeviceDetection (180)
[2016.07.29-01.32.13:146][324]LogModuleManager: Shutting down and abandoning module AndroidPlatformEditor (179)
[2016.07.29-01.32.13:147][324]LogModuleManager: Shutting down and abandoning module IOSRuntimeSettings (178)
[2016.07.29-01.32.13:147][324]LogModuleManager: Shutting down and abandoning module AndroidRuntimeSettings (177)
[2016.07.29-01.32.13:147][324]LogModuleManager: Shutting down and abandoning module MergeActors (176)
[2016.07.29-01.32.13:147][324]LogModuleManager: Shutting down and abandoning module SizeMap (175)
[2016.07.29-01.32.13:147][324]LogModuleManager: Shutting down and abandoning module TreeMap (174)
[2016.07.29-01.32.13:147][324]LogModuleManager: Shutting down and abandoning module ReferenceViewer (173)
[2016.07.29-01.32.13:147][324]LogModuleManager: Shutting down and abandoning module LocalizationService (172)
[2016.07.29-01.32.13:147][324]LogModuleManager: Shutting down and abandoning module LocalizationDashboard (171)
[2016.07.29-01.32.13:147][324]LogModuleManager: Shutting down and abandoning module HardwareTargeting (170)
[2016.07.29-01.32.13:147][324]LogModuleManager: Shutting down and abandoning module DeviceProfileEditor (169)
[2016.07.29-01.32.13:147][324]LogModuleManager: Shutting down and abandoning module UndoHistory (168)
[2016.07.29-01.32.13:147][324]LogModuleManager: Shutting down and abandoning module UserFeedback (167)
[2016.07.29-01.32.13:147][324]LogModuleManager: Shutting down and abandoning module XmlParser (166)
[2016.07.29-01.32.13:147][324]LogModuleManager: Shutting down and abandoning module Blutility (165)
[2016.07.29-01.32.13:147][324]LogModuleManager: Shutting down and abandoning module ProjectTargetPlatformEditor (164)
[2016.07.29-01.32.13:147][324]LogModuleManager: Shutting down and abandoning module ProjectSettingsViewer (163)
[2016.07.29-01.32.13:147][324]LogModuleManager: Shutting down and abandoning module InputBindingEditor (162)
[2016.07.29-01.32.13:147][324]LogModuleManager: Shutting down and abandoning module EditorSettingsViewer (161)
[2016.07.29-01.32.13:147][324]LogModuleManager: Shutting down and abandoning module SettingsEditor (160)
[2016.07.29-01.32.13:147][324]LogModuleManager: Shutting down and abandoning module ProjectLauncher (159)
[2016.07.29-01.32.13:147][324]LogModuleManager: Shutting down and abandoning module SessionFrontend (158)
[2016.07.29-01.32.13:147][324]LogModuleManager: Shutting down and abandoning module ProfilerClient (157)
[2016.07.29-01.32.13:147][324]LogModuleManager: Shutting down and abandoning module TargetDeviceServices (156)
[2016.07.29-01.32.13:147][324]LogModuleManager: Shutting down and abandoning module DeviceManager (155)
[2016.07.29-01.32.13:199][324]LogModuleManager: Shutting down and abandoning module AutomationController (154)
[2016.07.29-01.32.13:199][324]LogModuleManager: Shutting down and abandoning module AutomationWindow (153)
[2016.07.29-01.32.13:199][324]LogModuleManager: Shutting down and abandoning module Layers (152)
[2016.07.29-01.32.13:199][324]LogModuleManager: Shutting down and abandoning module ComponentVisualizers (151)
[2016.07.29-01.32.13:199][324]LogModuleManager: Shutting down and abandoning module DetailCustomizations (150)
[2016.07.29-01.32.13:199][324]LogModuleManager: Shutting down and abandoning module PackagesDialog (149)
[2016.07.29-01.32.13:199][324]LogModuleManager: Shutting down and abandoning module Persona (148)
[2016.07.29-01.32.13:199][324]LogModuleManager: Shutting down and abandoning module Kismet (147)
[2016.07.29-01.32.13:199][324]LogModuleManager: Shutting down and abandoning module GraphEditor (146)
[2016.07.29-01.32.13:199][324]LogModuleManager: Shutting down and abandoning module ClassViewer (145)
[2016.07.29-01.32.13:199][324]LogModuleManager: Shutting down and abandoning module Toolbox (144)
[2016.07.29-01.32.13:199][324]LogModuleManager: Shutting down and abandoning module ModuleUI (143)
[2016.07.29-01.32.13:199][324]LogModuleManager: Shutting down and abandoning module MovieSceneTools (142)
[2016.07.29-01.32.13:199][324]LogModuleManager: Shutting down and abandoning module OutputLog (141)
[2016.07.29-01.32.13:199][324]LogModuleManager: Shutting down and abandoning module GammaUI (140)
[2016.07.29-01.32.13:199][324]LogModuleManager: Shutting down and abandoning module Documentation (139)
[2016.07.29-01.32.13:199][324]LogModuleManager: Shutting down and abandoning module StreamingPauseRendering (138)
[2016.07.29-01.32.13:199][324]LogModuleManager: Shutting down and abandoning module AnalyticsET (137)
[2016.07.29-01.32.13:199][324]LogModuleManager: Shutting down and abandoning module Analytics (136)
[2016.07.29-01.32.13:199][324]LogModuleManager: Shutting down and abandoning module PortalServices (135)
[2016.07.29-01.32.13:199][324]LogModuleManager: Shutting down and abandoning module PortalRpc (134)
[2016.07.29-01.32.13:199][324]LogModuleManager: Shutting down and abandoning module MessagingRpc (133)
[2016.07.29-01.32.13:199][324]LogModuleManager: Shutting down and abandoning module GameplayDebugger (132)
[2016.07.29-01.32.13:199][324]LogModuleManager: Shutting down and abandoning module AITestSuite (131)
[2016.07.29-01.32.13:199][324]LogModuleManager: Shutting down and abandoning module AIModule (130)
[2016.07.29-01.32.13:199][324]LogModuleManager: Shutting down and abandoning module ProfilerService (129)
[2016.07.29-01.32.13:441][324]LogModuleManager: Shutting down and abandoning module TaskGraph (128)
[2016.07.29-01.32.13:441][324]LogModuleManager: Shutting down and abandoning module SlateRemote (127)
[2016.07.29-01.32.13:441][324]LogModuleManager: Shutting down and abandoning module SteamVRController (126)
[2016.07.29-01.32.13:441][324]LogModuleManager: Shutting down and abandoning module SteamVR (125)
[2016.07.29-01.32.13:441][324]LogModuleManager: Shutting down and abandoning module ProceduralMeshComponent (124)
[2016.07.29-01.32.13:441][324]LogModuleManager: Shutting down and abandoning module OculusLibrary (123)
[2016.07.29-01.32.13:441][324]LogModuleManager: Shutting down and abandoning module OculusInput (122)
[2016.07.29-01.32.13:441][324]LogModuleManager: Shutting down and abandoning module CustomMeshComponent (121)
[2016.07.29-01.32.13:441][324]LogModuleManager: Shutting down and abandoning module CableComponent (120)
[2016.07.29-01.32.13:441][324]LogModuleManager: Shutting down and abandoning module ArchVisCharacter (119)
[2016.07.29-01.32.13:441][324]LogModuleManager: Shutting down and abandoning module MediaPlayerEditor (118)
[2016.07.29-01.32.13:441][324]LogModuleManager: Shutting down and abandoning module HTML5Networking (117)
[2016.07.29-01.32.13:441][324]LogModuleManager: Shutting down and abandoning module SuperSearch (116)
[2016.07.29-01.32.13:441][324]LogModuleManager: Shutting down and abandoning module SuperSearchEditor (115)
[2016.07.29-01.32.13:441][324]LogModuleManager: Shutting down and abandoning module SpeedTreeImporter (114)
[2016.07.29-01.32.13:441][324]LogModuleManager: Shutting down and abandoning module PluginBrowser (113)
[2016.07.29-01.32.13:441][324]LogModuleManager: Shutting down and abandoning module EpicSurvey (112)
[2016.07.29-01.32.13:441][324]LogModuleManager: Shutting down and abandoning module DesktopPlatform (111)
[2016.07.29-01.32.13:441][324]LogModuleManager: Shutting down and abandoning module VisualStudioSourceCodeAccess (110)
[2016.07.29-01.32.13:441][324]LogModuleManager: Shutting down and abandoning module UObjectPlugin (109)
[2016.07.29-01.32.13:441][324]LogModuleManager: Shutting down and abandoning module SubversionSourceControl (108)
[2016.07.29-01.32.13:441][324]LogModuleManager: Shutting down and abandoning module PerforceSourceControl (107)
[2016.07.29-01.32.13:441][324]LogModuleManager: Shutting down and abandoning module SourceControl (106)
[2016.07.29-01.32.13:441][324]LogModuleManager: Shutting down and abandoning module GitSourceControl (105)
[2016.07.29-01.32.13:441][324]LogModuleManager: Shutting down and abandoning module LightPropagationVolumeEditor (104)
[2016.07.29-01.32.13:442][324]LogModuleManager: Shutting down and abandoning module PaperTiledImporter (103)
[2016.07.29-01.32.13:442][324]LogModuleManager: Shutting down and abandoning module PaperSpriteSheetImporter (102)
[2016.07.29-01.32.13:442][324]LogModuleManager: Shutting down and abandoning module MeshPaint (101)
[2016.07.29-01.32.13:442][324]LogModuleManager: Shutting down and abandoning module PixelInspectorModule (100)
[2016.07.29-01.32.13:442][324]LogModuleManager: Shutting down and abandoning module HotReload (99)
[2016.07.29-01.32.13:442][324]LogModuleManager: Shutting down and abandoning module MainFrame (98)
[2016.07.29-01.32.13:442][324]LogModuleManager: Shutting down and abandoning module LevelEditor (97)
[2016.07.29-01.32.13:443][324]LogModuleManager: Shutting down and abandoning module ContentBrowser (96)
[2016.07.29-01.32.13:444][324]LogModuleManager: Shutting down and abandoning module Paper2DEditor (95)
[2016.07.29-01.32.13:444][324]LogModuleManager: Shutting down and abandoning module UdpMessaging (94)
[2016.07.29-01.32.13:544][324]LogModuleManager: Shutting down and abandoning module LightPropagationVolumeRuntime (93)
[2016.07.29-01.32.13:544][324]LogModuleManager: Shutting down and abandoning module Paper2D (92)
[2016.07.29-01.32.13:544][324]LogModuleManager: Shutting down and abandoning module WindowsMoviePlayer (91)
[2016.07.29-01.32.13:544][324]LogModuleManager: Shutting down and abandoning module Media (90)
[2016.07.29-01.32.13:544][324]LogModuleManager: Shutting down and abandoning module WmfMedia (89)
[2016.07.29-01.32.13:544][324]LogModuleManager: Shutting down and abandoning module MediaAssets (88)
[2016.07.29-01.32.13:544][324]LogModuleManager: Shutting down and abandoning module GameLiveStreaming (87)
[2016.07.29-01.32.13:544][324]LogModuleManager: Shutting down and abandoning module GameplayTagsEditor (86)
[2016.07.29-01.32.13:544][324]LogModuleManager: Shutting down and abandoning module OnlineBlueprintSupport (85)
[2016.07.29-01.32.13:544][324]LogModuleManager: Shutting down and abandoning module VREditor (84)
[2016.07.29-01.32.13:544][324]LogModuleManager: Shutting down and abandoning module GameplayTasksEditor (83)
[2016.07.29-01.32.13:544][324]LogModuleManager: Shutting down and abandoning module PropertyEditor (82)
[2016.07.29-01.32.13:544][324]LogModuleManager: Shutting down and abandoning module BehaviorTreeEditor (81)
[2016.07.29-01.32.13:544][324]LogModuleManager: Shutting down and abandoning module FunctionalTesting (80)
[2016.07.29-01.32.13:544][324]LogModuleManager: Shutting down and abandoning module CollisionAnalyzer (79)
[2016.07.29-01.32.13:544][324]LogModuleManager: Shutting down and abandoning module Sequencer (78)
[2016.07.29-01.32.13:545][324]LogModuleManager: Shutting down and abandoning module WorkspaceMenuStructure (77)
[2016.07.29-01.32.13:545][324]LogModuleManager: Shutting down and abandoning module MessageLog (76)
[2016.07.29-01.32.13:545][324]LogModuleManager: Shutting down and abandoning module AssetTools (75)
[2016.07.29-01.32.13:545][324]LogModuleManager: Shutting down and abandoning module UMGEditor (74)
[2016.07.29-01.32.13:545][324]LogModuleManager: Shutting down and abandoning module UMG (73)
[2016.07.29-01.32.13:545][324]LogModuleManager: Shutting down and abandoning module SlateReflector (72)
[2016.07.29-01.32.13:545][324]LogModuleManager: Shutting down and abandoning module Slate (71)
[2016.07.29-01.32.13:545][324]LogModuleManager: Shutting down and abandoning module EditorStyle (70)
[2016.07.29-01.32.13:546][324]LogModuleManager: Shutting down and abandoning module SourceCodeAccess (69)
[2016.07.29-01.32.13:546][324]LogModuleManager: Shutting down and abandoning module HeadMountedDisplay (68)
[2016.07.29-01.32.13:546][324]LogModuleManager: Shutting down and abandoning module XAudio2 (67)
[2016.07.29-01.32.13:546][324]LogModuleManager: Shutting down and abandoning module Networking (65)
[2016.07.29-01.32.13:546][324]LogModuleManager: Shutting down and abandoning module Core (64)
[2016.07.29-01.32.13:546][324]LogModuleManager: Shutting down and abandoning module DirectoryWatcher (63)
[2016.07.29-01.32.13:547][324]LogModuleManager: Shutting down and abandoning module AssetRegistry (62)
[2016.07.29-01.32.13:683][324]LogModuleManager: Shutting down and abandoning module KismetCompiler (61)
[2016.07.29-01.32.13:683][324]LogModuleManager: Shutting down and abandoning module PhysXFormats (60)
[2016.07.29-01.32.13:683][324]LogModuleManager: Shutting down and abandoning module MeshUtilities (59)
[2016.07.29-01.32.13:683][324]LogModuleManager: Shutting down and abandoning module DerivedDataCache (58)
[2016.07.29-01.32.13:773][324]LogDerivedDataCache: Shutdown
[2016.07.29-01.32.13:773][324]LogModuleManager: Shutting down and abandoning module VulkanShaderFormat (57)
[2016.07.29-01.32.13:773][324]LogModuleManager: Shutting down and abandoning module ShaderFormatOpenGL (56)
[2016.07.29-01.32.13:773][324]LogModuleManager: Shutting down and abandoning module ShaderFormatD3D (55)
[2016.07.29-01.32.13:773][324]LogModuleManager: Shutting down and abandoning module MetalShaderFormat (54)
[2016.07.29-01.32.13:773][324]LogModuleManager: Shutting down and abandoning module TextureFormatUncompressed (53)
[2016.07.29-01.32.13:773][324]LogModuleManager: Shutting down and abandoning module TextureFormatPVR (52)
[2016.07.29-01.32.13:773][324]LogModuleManager: Shutting down and abandoning module TextureFormatIntelISPCTexComp (51)
[2016.07.29-01.32.13:773][324]LogModuleManager: Shutting down and abandoning module TextureFormatDXT (50)
[2016.07.29-01.32.13:773][324]LogModuleManager: Shutting down and abandoning module ImageWrapper (49)
[2016.07.29-01.32.13:773][324]LogModuleManager: Shutting down and abandoning module TextureFormatASTC (48)
[2016.07.29-01.32.13:773][324]LogModuleManager: Shutting down and abandoning module TextureFormatAndroid (47)
[2016.07.29-01.32.13:773][324]LogModuleManager: Shutting down and abandoning module AudioFormatOpus (46)
[2016.07.29-01.32.13:774][324]LogModuleManager: Shutting down and abandoning module AudioFormatOgg (45)
[2016.07.29-01.32.13:774][324]LogModuleManager: Shutting down and abandoning module AudioFormatADPCM (44)
[2016.07.29-01.32.13:774][324]LogModuleManager: Shutting down and abandoning module LinuxTargetPlatform (43)
[2016.07.29-01.32.13:774][324]LogModuleManager: Shutting down and abandoning module LinuxServerTargetPlatform (42)
[2016.07.29-01.32.13:774][324]LogModuleManager: Shutting down and abandoning module LinuxNoEditorTargetPlatform (41)
[2016.07.29-01.32.13:774][324]LogModuleManager: Shutting down and abandoning module TVOSTargetPlatform (40)
[2016.07.29-01.32.13:774][324]LogModuleManager: Shutting down and abandoning module Messaging (39)
[2016.07.29-01.32.13:774][324]LogModuleManager: Shutting down and abandoning module IOSTargetPlatform (38)
[2016.07.29-01.32.13:774][324]LogModuleManager: Shutting down and abandoning module HTML5TargetPlatform (37)
[2016.07.29-01.32.13:774][324]LogModuleManager: Shutting down and abandoning module Android_PVRTCTargetPlatform (36)
[2016.07.29-01.32.13:774][324]LogModuleManager: Shutting down and abandoning module Android_MultiTargetPlatform (35)
[2016.07.29-01.32.13:774][324]LogModuleManager: Shutting down and abandoning module Android_ETC2TargetPlatform (34)
[2016.07.29-01.32.13:774][324]LogModuleManager: Shutting down and abandoning module Android_ETC1TargetPlatform (33)
[2016.07.29-01.32.13:774][324]LogModuleManager: Shutting down and abandoning module Android_DXTTargetPlatform (32)
[2016.07.29-01.32.13:774][324]LogModuleManager: Shutting down and abandoning module Android_ATCTargetPlatform (31)
[2016.07.29-01.32.13:774][324]LogModuleManager: Shutting down and abandoning module Android_ASTCTargetPlatform (30)
[2016.07.29-01.32.13:774][324]LogModuleManager: Shutting down and abandoning module AndroidTargetPlatform (29)
[2016.07.29-01.32.13:774][324]LogModuleManager: Shutting down and abandoning module WindowsTargetPlatform (28)
[2016.07.29-01.32.13:774][324]LogModuleManager: Shutting down and abandoning module WindowsServerTargetPlatform (27)
[2016.07.29-01.32.13:774][324]LogModuleManager: Shutting down and abandoning module WindowsNoEditorTargetPlatform (26)
[2016.07.29-01.32.13:774][324]LogModuleManager: Shutting down and abandoning module WindowsClientTargetPlatform (25)
[2016.07.29-01.32.13:774][324]LogModuleManager: Shutting down and abandoning module AllDesktopTargetPlatform (24)
[2016.07.29-01.32.13:774][324]LogModuleManager: Shutting down and abandoning module TargetPlatform (23)
[2016.07.29-01.32.13:774][324]LogModuleManager: Shutting down and abandoning module InputCore (22)
[2016.07.29-01.32.13:774][324]LogModuleManager: Shutting down and abandoning module Settings (21)
[2016.07.29-01.32.13:774][324]LogModuleManager: Shutting down and abandoning module OnlineSubsystem (19)
[2016.07.29-01.32.13:774][324]LogModuleManager: Shutting down and abandoning module HTTP (18)
[2016.07.29-01.32.18:283][324]LogModuleManager: Shutting down and abandoning module XMPP (17)
[2016.07.29-01.32.18:283][324]LogModuleManager: Shutting down and abandoning module OculusRift (16)
[2016.07.29-01.32.18:283][324]LogModuleManager: Shutting down and abandoning module ExampleDeviceProfileSelector (15)
[2016.07.29-01.32.18:283][324]LogModuleManager: Shutting down and abandoning module TextureCompressor (14)
[2016.07.29-01.32.18:284][324]LogModuleManager: Shutting down and abandoning module ShaderCore (13)
[2016.07.29-01.32.18:284][324]LogModuleManager: Shutting down and abandoning module Landscape (12)
[2016.07.29-01.32.18:284][324]LogModuleManager: Shutting down and abandoning module SlateRHIRenderer (11)
[2016.07.29-01.32.18:287][324]LogModuleManager: Shutting down and abandoning module OpenGLDrv (10)
[2016.07.29-01.32.18:287][324]LogModuleManager: Shutting down and abandoning module D3D11RHI (9)
[2016.07.29-01.32.18:287][324]LogModuleManager: Shutting down and abandoning module AnimGraphRuntime (8)
[2016.07.29-01.32.18:287][324]LogModuleManager: Shutting down and abandoning module Renderer (7)
[2016.07.29-01.32.18:287][324]LogModuleManager: Shutting down and abandoning module Engine (6)
[2016.07.29-01.32.18:287][324]LogModuleManager: Shutting down and abandoning module CoreUObject (5)
[2016.07.29-01.32.18:287][324]LogModuleManager: Shutting down and abandoning module NetworkFile (4)
[2016.07.29-01.32.18:287][324]LogModuleManager: Shutting down and abandoning module StreamingFile (3)
[2016.07.29-01.32.18:287][324]LogModuleManager: Shutting down and abandoning module SandboxFile (2)
[2016.07.29-01.32.18:287][324]LogModuleManager: Shutting down and abandoning module PakFile (1)
[2016.07.29-01.32.18:289][324]LogExit: Exiting.
[2016.07.29-01.32.18:292][324]Log file closed, 07/28/16 21:32:18
